<?xml version="1.0" encoding="UTF-8"?>
<!-- Generated by org.testng.reporters.JUnitXMLReporter -->
<testsuite ignored="5" hostname="Chetan" failures="0" tests="0" time="0.012" errors="0" timestamp="2022-06-07T21:42:40 IST">
  <testcase classname="test.Test3" name="desktopSignout" time="0.0">
    <ignored/>
  </testcase> <!-- desktopSignout -->
  <testcase classname="test.Test3" name="desktopSignin" time="0.0">
    <ignored/>
  </testcase> <!-- desktopSignin -->
  <testcase classname="test.Test3" name="mobileLogin" time="0.0">
    <ignored/>
  </testcase> <!-- mobileLogin -->
  <testcase classname="test.Test3" name="desktopLogin" time="0.0">
    <ignored/>
  </testcase> <!-- desktopLogin -->
  <testcase classname="test.Test3" name="webLogin" time="0.0">
    <ignored/>
  </testcase> <!-- webLogin -->
</testsuite>
