<?xml version="1.0" encoding="UTF-8"?>
<testng-results ignored="0" total="1" passed="1" failed="0" skipped="0">
  <reporter-output>
  </reporter-output>
  <suite started-at="2022-05-30T17:16:29 IST" name="Default suite" finished-at="2022-05-30T17:16:29 IST" duration-ms="55">
    <groups>
    </groups>
    <test started-at="2022-05-30T17:16:29 IST" name="Default test" finished-at="2022-05-30T17:16:29 IST" duration-ms="55">
      <class name="com.selenium.handson.WorksMaven.SeleniumTest">
        <test-method signature="automation()[pri:0, instance:com.selenium.handson.WorksMaven.SeleniumTest@776b83cc]" started-at="2022-05-30T17:16:29 IST" name="automation" finished-at="2022-05-30T17:16:29 IST" duration-ms="10" status="PASS">
          <reporter-output>
          </reporter-output>
        </test-method> <!-- automation -->
      </class> <!-- com.selenium.handson.WorksMaven.SeleniumTest -->
    </test> <!-- Default test -->
  </suite> <!-- Default suite -->
</testng-results>
