<?xml version="1.0" encoding="UTF-8"?>
<!-- Generated by org.testng.reporters.JUnitXMLReporter -->
<testsuite ignored="0" hostname="Chetan" failures="0" tests="4" name="Default test" time="0.052" errors="0" timestamp="2022-05-30T12:45:36 IST">
  <testcase classname="test.Test2" name="model" time="0.006"/>
  <testcase classname="test.Test2" name="model" time="0.001"/>
  <testcase classname="test.Test2" name="model" time="0.0"/>
  <testcase classname="test.Test2" name="price" time="0.002"/>
</testsuite> <!-- Default test -->
