<?xml version="1.0" encoding="UTF-8"?>
<testng-results ignored="0" total="1" passed="1" failed="0" skipped="0">
  <reporter-output>
  </reporter-output>
  <suite started-at="2022-06-08T10:13:49 IST" name="Default suite" finished-at="2022-06-08T10:13:52 IST" duration-ms="2532">
    <groups>
    </groups>
    <test started-at="2022-06-08T10:13:49 IST" name="Default test" finished-at="2022-06-08T10:13:52 IST" duration-ms="2532">
      <class name="com.restapi.ApiTesting.Test1">
        <test-method signature="test()[pri:0, instance:com.restapi.ApiTesting.Test1@6f46426d]" started-at="2022-06-08T10:13:49 IST" name="test" finished-at="2022-06-08T10:13:52 IST" duration-ms="2481" status="PASS">
          <reporter-output>
          </reporter-output>
        </test-method> <!-- test -->
      </class> <!-- com.restapi.ApiTesting.Test1 -->
    </test> <!-- Default test -->
  </suite> <!-- Default suite -->
</testng-results>
